12:34:20.542  [main] INFO  testCases.TC002_LoginTest - starting TC002_LoginTest
  12:45:02.364  [main] INFO  org.testng.internal.Utils - [TestNG] Running:
  C:\workspace\SeleniumJava Automation\openCart\Dockergrid.xml

  12:45:02.707  [main] INFO  testCases.TC001_AccountRegistrationTest - starting TC001_AccountRegistrationTest
  12:45:02.763  [main] INFO  testCases.TC002_LoginTest - starting TC002_LoginTest
  12:48:29.501  [main] INFO  org.testng.internal.Utils - [TestNG] Running:
  C:\workspace\SeleniumJava Automation\openCart\Dockergrid.xml

  12:49:07.837  [main] INFO  org.testng.internal.Utils - [TestNG] Running:
  C:\workspace\SeleniumJava Automation\openCart\Dockergrid.xml

  12:51:44.835  [main] INFO  org.testng.internal.Utils - [TestNG] Running:
  C:\workspace\SeleniumJava Automation\openCart\Master.xml

  12:52:10.048  [main] INFO  org.testng.internal.Utils - [TestNG] Running:
  C:\workspace\SeleniumJava Automation\openCart\Master.xml

  12:53:10.948  [main] INFO  org.testng.internal.Utils - [TestNG] Running:
  C:\workspace\SeleniumJava Automation\openCart\Master.xml

  12:53:17.616  [main] INFO  testCases.TC001_AccountRegistrationTest - starting TC001_AccountRegistrationTest
  12:53:18.101  [main] INFO  testCases.TC001_AccountRegistrationTest - Clicked on Myaccount link
  12:53:19.101  [main] INFO  testCases.TC001_AccountRegistrationTest - Clicked on Register link
  12:53:19.111  [main] INFO  testCases.TC001_AccountRegistrationTest - Providing customer details
  12:53:22.366  [main] INFO  testCases.TC001_AccountRegistrationTest - Validating expected message
  12:53:27.319  [main] INFO  testCases.TC002_LoginTest - starting TC002_LoginTest
  19:24:35.007  [main] INFO  org.testng.internal.Utils - [TestNG] Running:
  C:\workspace\SeleniumJava Automation\openCart\Dockergrid.xml

  19:24:46.824  [main] INFO  testCases.TC001_AccountRegistrationTest - starting TC001_AccountRegistrationTest
  19:24:48.120  [main] INFO  testCases.TC001_AccountRegistrationTest - Clicked on Myaccount link
  19:24:49.279  [main] INFO  testCases.TC001_AccountRegistrationTest - Clicked on Register link
  19:24:49.286  [main] INFO  testCases.TC001_AccountRegistrationTest - Providing customer details
  19:24:51.973  [main] INFO  testCases.TC001_AccountRegistrationTest - Validating expected message
  19:24:58.244  [main] INFO  testCases.TC002_LoginTest - starting TC002_LoginTest
  19:26:49.943  [main] INFO  org.testng.internal.Utils - [TestNG] Running:
  C:\workspace\SeleniumJava Automation\openCart\Dockergrid.xml

  19:26:58.301  [main] INFO  testCases.TC001_AccountRegistrationTest - starting TC001_AccountRegistrationTest
  19:26:58.807  [main] INFO  testCases.TC001_AccountRegistrationTest - Clicked on Myaccount link
  19:26:59.866  [main] INFO  testCases.TC001_AccountRegistrationTest - Clicked on Register link
  19:26:59.873  [main] INFO  testCases.TC001_AccountRegistrationTest - Providing customer details
  19:27:02.147  [main] INFO  testCases.TC001_AccountRegistrationTest - Validating expected message
  19:27:08.968  [main] INFO  testCases.TC002_LoginTest - starting TC002_LoginTest
  21:35:06.250  [main] INFO  testCases.TC001_AccountRegistrationTest - starting TC001_AccountRegistrationTest
  21:35:06.556  [main] INFO  testCases.TC001_AccountRegistrationTest - Clicked on Myaccount link
  21:35:14.115  [main] INFO  testCases.TC001_AccountRegistrationTest - Clicked on Register link
  21:35:14.124  [main] INFO  testCases.TC001_AccountRegistrationTest - Providing customer details
  21:35:17.319  [main] INFO  testCases.TC001_AccountRegistrationTest - Validating expected message
  21:35:32.357  [main] INFO  testCases.TC002_LoginTest - starting TC002_LoginTest
  22:23:23.861  [main] INFO  testCases.TC001_AccountRegistrationTest - starting TC001_AccountRegistrationTest
  22:23:24.146  [main] INFO  testCases.TC001_AccountRegistrationTest - Clicked on Myaccount link
  22:23:26.560  [main] INFO  testCases.TC001_AccountRegistrationTest - Clicked on Register link
  22:23:26.570  [main] INFO  testCases.TC001_AccountRegistrationTest - Providing customer details
  22:23:29.443  [main] INFO  testCases.TC001_AccountRegistrationTest - Validating expected message
  22:23:37.263  [main] INFO  testCases.TC002_LoginTest - starting TC002_LoginTest
  22:43:14.860  [main] INFO  testCases.TC001_AccountRegistrationTest - starting TC001_AccountRegistrationTest
  22:43:15.115  [main] INFO  testCases.TC001_AccountRegistrationTest - Clicked on Myaccount link
  22:43:39.624  [main] INFO  testCases.TC001_AccountRegistrationTest - Clicked on Register link
  22:43:39.629  [main] INFO  testCases.TC001_AccountRegistrationTest - Providing customer details
  22:43:41.779  [main] INFO  testCases.TC001_AccountRegistrationTest - Validating expected message
  22:43:50.131  [main] INFO  testCases.TC002_LoginTest - starting TC002_LoginTest
  