22:00:33.407  [main] INFO  org.testng.internal.Utils - [TestNG] Running:
  C:\workspace\SeleniumJava Automation\openCart\Master.xml

  22:00:43.322  [main] INFO  testCases.TC001_AccountRegistrationTest - starting TC001_AccountRegistrationTest
  22:00:43.541  [main] INFO  testCases.TC001_AccountRegistrationTest - Clicked on Myaccount link
  22:00:43.962  [main] INFO  testCases.TC001_AccountRegistrationTest - Clicked on Register link
  22:00:43.969  [main] INFO  testCases.TC001_AccountRegistrationTest - Providing customer details
  22:00:46.498  [main] INFO  testCases.TC001_AccountRegistrationTest - Validating expected message
  22:01:38.419  [main] INFO  org.testng.internal.Utils - [TestNG] Running:
  C:\workspace\SeleniumJava Automation\openCart\Master.xml

  22:01:44.021  [main] INFO  testCases.TC001_AccountRegistrationTest - starting TC001_AccountRegistrationTest
  22:01:44.262  [main] INFO  testCases.TC001_AccountRegistrationTest - Clicked on Myaccount link
  22:01:44.822  [main] INFO  testCases.TC001_AccountRegistrationTest - Clicked on Register link
  22:01:44.829  [main] INFO  testCases.TC001_AccountRegistrationTest - Providing customer details
  22:01:46.874  [main] INFO  testCases.TC001_AccountRegistrationTest - Validating expected message
  22:02:31.540  [main] INFO  org.testng.internal.Utils - [TestNG] Running:
  C:\workspace\SeleniumJava Automation\openCart\Master.xml

  22:02:38.462  [main] INFO  testCases.TC001_AccountRegistrationTest - starting TC001_AccountRegistrationTest
  22:02:38.688  [main] INFO  testCases.TC001_AccountRegistrationTest - Clicked on Myaccount link
  22:02:39.250  [main] INFO  testCases.TC001_AccountRegistrationTest - Clicked on Register link
  22:02:39.253  [main] INFO  testCases.TC001_AccountRegistrationTest - Providing customer details
  22:02:40.974  [main] INFO  testCases.TC001_AccountRegistrationTest - Validating expected message
  22:03:12.289  [main] INFO  org.testng.internal.Utils - [TestNG] Running:
  C:\workspace\SeleniumJava Automation\openCart\Master.xml

  22:03:58.079  [main] INFO  org.testng.internal.Utils - [TestNG] Running:
  C:\workspace\SeleniumJava Automation\openCart\Master.xml

  22:05:11.407  [main] INFO  org.testng.internal.Utils - [TestNG] Running:
  C:\workspace\SeleniumJava Automation\openCart\Master.xml

  22:05:20.760  [main] INFO  testCases.TC001_AccountRegistrationTest - starting TC001_AccountRegistrationTest
  22:05:20.850  [main] INFO  testCases.TC001_AccountRegistrationTest - starting TC001_AccountRegistrationTest
  22:05:22.094  [main] INFO  testCases.TC001_AccountRegistrationTest - Clicked on Myaccount link
  22:05:22.094  [main] INFO  testCases.TC001_AccountRegistrationTest - Clicked on Myaccount link
  22:05:22.445  [main] INFO  testCases.TC001_AccountRegistrationTest - Clicked on Register link
  22:05:22.451  [main] INFO  testCases.TC001_AccountRegistrationTest - Providing customer details
  22:05:22.478  [main] INFO  testCases.TC001_AccountRegistrationTest - Clicked on Register link
  22:05:22.482  [main] INFO  testCases.TC001_AccountRegistrationTest - Providing customer details
  22:05:24.319  [main] INFO  testCases.TC001_AccountRegistrationTest - Validating expected message
  22:05:24.329  [main] INFO  testCases.TC001_AccountRegistrationTest - Validating expected message
  22:09:05.686  [main] INFO  testCases.TC001_AccountRegistrationTest - starting TC001_AccountRegistrationTest
  22:09:06.733  [main] INFO  testCases.TC001_AccountRegistrationTest - Clicked on Myaccount link
  22:09:07.243  [main] INFO  testCases.TC001_AccountRegistrationTest - Clicked on Register link
  22:09:07.250  [main] INFO  testCases.TC001_AccountRegistrationTest - Providing customer details
  22:09:08.848  [main] INFO  testCases.TC001_AccountRegistrationTest - Validating expected message
  22:14:00.452  [main] INFO  org.testng.internal.Utils - [TestNG] Running:
  C:\workspace\SeleniumJava Automation\openCart\Crossbrowsertesting.xml

  22:14:06.360  [main] INFO  testCases.TC001_AccountRegistrationTest - starting TC001_AccountRegistrationTest
  22:14:06.579  [main] INFO  testCases.TC001_AccountRegistrationTest - Clicked on Myaccount link
  22:14:07.162  [main] INFO  testCases.TC001_AccountRegistrationTest - Clicked on Register link
  22:14:07.168  [main] INFO  testCases.TC001_AccountRegistrationTest - Providing customer details
  22:14:09.011  [main] INFO  testCases.TC001_AccountRegistrationTest - Validating expected message
  22:14:15.609  [main] INFO  testCases.TC001_AccountRegistrationTest - starting TC001_AccountRegistrationTest
  22:14:15.711  [main] INFO  testCases.TC001_AccountRegistrationTest - Clicked on Myaccount link
  22:14:16.021  [main] INFO  testCases.TC001_AccountRegistrationTest - Clicked on Register link
  22:14:16.021  [main] INFO  testCases.TC001_AccountRegistrationTest - Providing customer details
  22:14:17.648  [main] INFO  testCases.TC001_AccountRegistrationTest - Validating expected message
  