22:21:51.869  [TestNG-tests-2] INFO  testCases.TC001_AccountRegistrationTest - Providing customer details
  22:21:52.192  [TestNG-tests-1] INFO  testCases.TC001_AccountRegistrationTest - Validating expected message
  22:21:53.686  [TestNG-tests-2] INFO  testCases.TC001_AccountRegistrationTest - Validating expected message
  22:22:00.274  [TestNG-tests-1] INFO  testCases.TC001_AccountRegistrationTest - starting TC001_AccountRegistrationTest
  22:22:00.378  [TestNG-tests-1] INFO  testCases.TC001_AccountRegistrationTest - Clicked on Myaccount link
  22:22:00.727  [TestNG-tests-1] INFO  testCases.TC001_AccountRegistrationTest - Clicked on Register link
  22:22:00.729  [TestNG-tests-1] INFO  testCases.TC001_AccountRegistrationTest - Providing customer details
  22:22:02.191  [TestNG-tests-1] INFO  testCases.TC001_AccountRegistrationTest - Validating expected message
  13:40:00.215  [main] INFO  org.testng.internal.Utils - [TestNG] Running:
  C:\workspace\SeleniumJava Automation\openCart\Master.xml

  13:40:11.119  [main] INFO  testCases.TC001_AccountRegistrationTest - starting TC001_AccountRegistrationTest
  13:40:12.153  [main] INFO  testCases.TC001_AccountRegistrationTest - Clicked on Myaccount link
  13:40:13.103  [main] INFO  testCases.TC001_AccountRegistrationTest - Clicked on Register link
  13:40:13.107  [main] INFO  testCases.TC001_AccountRegistrationTest - Providing customer details
  13:40:15.315  [main] INFO  testCases.TC001_AccountRegistrationTest - Validating expected message
  00:11:32.988  [main] INFO  org.testng.internal.Utils - [TestNG] Running:
  C:\workspace\SeleniumJava Automation\openCart\Master.xml

  00:11:40.805  [main] INFO  testCases.TC001_AccountRegistrationTest - starting TC001_AccountRegistrationTest
  00:11:41.302  [main] INFO  testCases.TC001_AccountRegistrationTest - Clicked on Myaccount link
  00:11:41.813  [main] INFO  testCases.TC001_AccountRegistrationTest - Clicked on Register link
  00:11:41.816  [main] INFO  testCases.TC001_AccountRegistrationTest - Providing customer details
  00:11:42.945  [main] INFO  testCases.TC001_AccountRegistrationTest - Validating expected message
  00:11:46.840  [main] INFO  testCases.TC002_LoginTest - starting TC002_LoginTest
  12:40:26.707  [main] INFO  org.testng.internal.Utils - [TestNG] Running:
  C:\workspace\SeleniumJava Automation\openCart\grouping.xml

  12:40:37.533  [main] INFO  testCases.TC002_LoginTest - starting TC002_LoginTest
  12:42:01.491  [main] INFO  org.testng.internal.Utils - [TestNG] Running:
  C:\workspace\SeleniumJava Automation\openCart\grouping.xml

  12:42:07.297  [main] INFO  testCases.TC002_LoginTest - starting TC002_LoginTest
  12:42:47.146  [main] INFO  org.testng.internal.Utils - [TestNG] Running:
  C:\workspace\SeleniumJava Automation\openCart\grouping.xml

  12:42:53.310  [main] INFO  testCases.TC001_AccountRegistrationTest - starting TC001_AccountRegistrationTest
  12:42:53.523  [main] INFO  testCases.TC001_AccountRegistrationTest - Clicked on Myaccount link
  12:42:54.167  [main] INFO  testCases.TC001_AccountRegistrationTest - Clicked on Register link
  12:42:54.171  [main] INFO  testCases.TC001_AccountRegistrationTest - Providing customer details
  12:42:56.269  [main] INFO  testCases.TC001_AccountRegistrationTest - Validating expected message
  20:17:33.346  [main] INFO  org.testng.internal.Utils - [TestNG] Running:
  C:\workspace\SeleniumJava Automation\openCart\grouping.xml

  20:18:31.187  [main] INFO  org.testng.internal.Utils - [TestNG] Running:
  C:\workspace\SeleniumJava Automation\openCart\grouping.xml

  20:21:22.310  [main] INFO  org.testng.internal.Utils - [TestNG] Running:
  C:\workspace\SeleniumJava Automation\openCart\Master.xml

  20:25:52.793  [main] INFO  org.testng.internal.Utils - [TestNG] Running:
  C:\workspace\SeleniumJava Automation\openCart\Master.xml

  15:26:29.058  [main] INFO  org.testng.internal.Utils - [TestNG] Running:
  C:\workspace\SeleniumJava Automation\openCart\Master.xml

  15:26:51.290  [main] INFO  testCases.TC001_AccountRegistrationTest - starting TC001_AccountRegistrationTest
  15:26:51.822  [main] INFO  testCases.TC001_AccountRegistrationTest - Clicked on Myaccount link
  15:26:52.571  [main] INFO  testCases.TC001_AccountRegistrationTest - Clicked on Register link
  15:26:52.580  [main] INFO  testCases.TC001_AccountRegistrationTest - Providing customer details
  15:26:54.812  [main] INFO  testCases.TC001_AccountRegistrationTest - Validating expected message
  15:27:01.158  [main] INFO  testCases.TC002_LoginTest - starting TC002_LoginTest
  15:27:59.131  [main] INFO  org.testng.internal.Utils - [TestNG] Running:
  C:\workspace\SeleniumJava Automation\openCart\Master.xml

  15:34:57.056  [main] INFO  org.testng.internal.Utils - [TestNG] Running:
  C:\workspace\SeleniumJava Automation\openCart\grouping.xml

  15:41:54.281  [main] INFO  org.testng.internal.Utils - [TestNG] Running:
  C:\workspace\SeleniumJava Automation\openCart\Master.xml

  