15:54:22.583  [main] INFO  org.testng.internal.Utils - [TestNG] Running:
  C:\workspace\SeleniumJava Automation\openCart\Master.xml

  15:57:48.470  [main] INFO  org.testng.internal.Utils - [TestNG] Running:
  C:\workspace\SeleniumJava Automation\openCart\Master.xml

  15:57:54.924  [main] INFO  testCases.TC001_AccountRegistrationTest - starting TC001_AccountRegistrationTest
  15:57:55.358  [main] INFO  testCases.TC001_AccountRegistrationTest - Clicked on Myaccount link
  15:57:56.520  [main] INFO  testCases.TC001_AccountRegistrationTest - Clicked on Register link
  15:57:56.527  [main] INFO  testCases.TC001_AccountRegistrationTest - Providing customer details
  15:57:58.645  [main] INFO  testCases.TC001_AccountRegistrationTest - Validating expected message
  15:58:05.552  [main] INFO  testCases.TC002_LoginTest - starting TC002_LoginTest
  15:59:04.257  [main] INFO  org.testng.internal.Utils - [TestNG] Running:
  C:\workspace\SeleniumJava Automation\openCart\grouping.xml

  15:59:18.686  [main] INFO  testCases.TC001_AccountRegistrationTest - starting TC001_AccountRegistrationTest
  15:59:18.898  [main] INFO  testCases.TC001_AccountRegistrationTest - Clicked on Myaccount link
  15:59:26.653  [main] INFO  testCases.TC001_AccountRegistrationTest - Clicked on Register link
  15:59:26.658  [main] INFO  testCases.TC001_AccountRegistrationTest - Providing customer details
  15:59:29.309  [main] INFO  testCases.TC001_AccountRegistrationTest - Validating expected message
  16:28:01.044  [main] INFO  org.testng.internal.Utils - [TestNG] Running:
  C:\workspace\SeleniumJava Automation\openCart\grouping.xml

  16:28:10.888  [main] INFO  testCases.TC002_LoginTest - starting TC002_LoginTest
  16:28:16.764  [main] INFO  testCases.TC001_AccountRegistrationTest - starting TC001_AccountRegistrationTest
  16:28:17.977  [main] INFO  testCases.TC001_AccountRegistrationTest - Clicked on Myaccount link
  16:28:18.571  [main] INFO  testCases.TC001_AccountRegistrationTest - Clicked on Register link
  16:28:18.576  [main] INFO  testCases.TC001_AccountRegistrationTest - Providing customer details
  16:28:20.009  [main] INFO  testCases.TC001_AccountRegistrationTest - Validating expected message
  21:48:50.738  [main] INFO  org.testng.internal.Utils - [TestNG] Running:
  C:\workspace\SeleniumJava Automation\openCart\Master.xml

  21:50:02.388  [main] INFO  org.testng.internal.Utils - [TestNG] Running:
  C:\workspace\SeleniumJava Automation\openCart\Master.xml

  21:56:04.865  [main] INFO  org.testng.internal.Utils - [TestNG] Running:
  C:\workspace\SeleniumJava Automation\openCart\Master.xml

  21:57:35.631  [main] INFO  org.testng.internal.Utils - [TestNG] Running:
  C:\workspace\SeleniumJava Automation\openCart\Master.xml

  21:58:01.573  [main] INFO  org.testng.internal.Utils - [TestNG] Running:
  C:\workspace\SeleniumJava Automation\openCart\Master.xml

  22:09:26.757  [main] INFO  org.testng.internal.Utils - [TestNG] Running:
  C:\workspace\SeleniumJava Automation\openCart\Master.xml

  22:11:39.098  [main] INFO  org.testng.internal.Utils - [TestNG] Running:
  C:\workspace\SeleniumJava Automation\openCart\Master.xml

  22:12:41.361  [main] INFO  org.testng.internal.Utils - [TestNG] Running:
  C:\workspace\SeleniumJava Automation\openCart\Master.xml

  22:19:01.515  [main] INFO  org.testng.internal.Utils - [TestNG] Running:
  C:\workspace\SeleniumJava Automation\openCart\Master.xml

  19:47:53.682  [main] INFO  org.testng.internal.Utils - [TestNG] Running:
  C:\workspace\SeleniumJava Automation\openCart\Master.xml

  19:48:39.747  [main] INFO  org.testng.internal.Utils - [TestNG] Running:
  C:\workspace\SeleniumJava Automation\openCart\Master.xml

  19:50:14.614  [main] INFO  org.testng.internal.Utils - [TestNG] Running:
  C:\workspace\SeleniumJava Automation\openCart\Master.xml

  19:53:06.561  [main] INFO  org.testng.internal.Utils - [TestNG] Running:
  C:\workspace\SeleniumJava Automation\openCart\Master.xml

  19:55:44.612  [main] INFO  org.testng.internal.Utils - [TestNG] Running:
  C:\workspace\SeleniumJava Automation\openCart\Master.xml

  19:56:50.758  [main] INFO  org.testng.internal.Utils - [TestNG] Running:
  C:\workspace\SeleniumJava Automation\openCart\Master.xml

  19:56:57.384  [main] INFO  testCases.TC001_AccountRegistrationTest - starting TC001_AccountRegistrationTest
  19:56:58.158  [main] INFO  testCases.TC001_AccountRegistrationTest - Clicked on Myaccount link
  19:56:58.858  [main] INFO  testCases.TC001_AccountRegistrationTest - Clicked on Register link
  19:56:58.864  [main] INFO  testCases.TC001_AccountRegistrationTest - Providing customer details
  19:57:01.027  [main] INFO  testCases.TC001_AccountRegistrationTest - Validating expected message
  19:57:06.895  [main] INFO  testCases.TC002_LoginTest - starting TC002_LoginTest
  20:10:23.039  [main] INFO  org.testng.internal.Utils - [TestNG] Running:
  C:\workspace\SeleniumJava Automation\openCart\Master.xml

  20:10:31.531  [main] INFO  testCases.TC001_AccountRegistrationTest - starting TC001_AccountRegistrationTest
  